
> dodoshark@0.1.0 build D:\new-website\final-3.9\front\dodoshark
> pnpm dlx @opennextjs/cloudflare@1.17.1 build

Proxy environment variables detected. We'll use your proxy for fetch requests.

в”Ңв”Җв”Җв”Җв”Җв”Җв”Җв”Җв”Җв”Җв”Җв”Җв”Җв”Җв”Җв”Җв”Җв”Җв”Җв”Җв”Җв”Җв”Җв”Җв”Җв”Җв”Җв”Җв”Җв”Җв”җ
в”Ӯ OpenNext вҖ” Cloudflare build в”Ӯ
в””в”Җв”Җв”Җв”Җв”Җв”Җв”Җв”Җв”Җв”Җв”Җв”Җв”Җв”Җв”Җв”Җв”Җв”Җв”Җв”Җв”Җв”Җв”Җв”Җв”Җв”Җв”Җв”Җв”Җв”ҳ

WARN OpenNext is not fully compatible with Windows.
WARN For optimal performance, it is recommended to use Windows Subsystem for Linux (WSL).
WARN While OpenNext may function on Windows, it could encounter unpredictable failures during runtime.
App directory: D:\new-website\final-3.9\front\dodoshark
Next.js version : 16.1.6
@opennextjs/cloudflare version: 1.17.1
@opennextjs/aws version: 3.9.16

в”Ңв”Җв”Җв”Җв”Җв”Җв”Җв”Җв”Җв”Җв”Җв”Җв”Җв”Җв”Җв”Җв”Җв”Җв”Җв”Җв”Җв”Җв”Җв”Җв”Җв”Җв”Җв”Җв”Җв”Җв”Җв”Җв”Җв”Җв”җ
в”Ӯ OpenNext вҖ” Building Next.js app в”Ӯ
в””в”Җв”Җв”Җв”Җв”Җв”Җв”Җв”Җв”Җв”Җв”Җв”Җв”Җв”Җв”Җв”Җв”Җв”Җв”Җв”Җв”Җв”Җв”Җв”Җв”Җв”Җв”Җв”Җв”Җв”Җв”Җв”Җв”Җв”ҳ

npm warn Unknown env config "verify-deps-before-run". This will stop working in the next major version of npm.
npm warn Unknown env config "_jsr-registry". This will stop working in the next major version of npm.

> dodoshark@0.1.0 build
> pnpm dlx @opennextjs/cloudflare@1.17.1 build

Proxy environment variables detected. We'll use your proxy for fetch requests.

в”Ңв”Җв”Җв”Җв”Җв”Җв”Җв”Җв”Җв”Җв”Җв”Җв”Җв”Җв”Җв”Җв”Җв”Җв”Җв”Җв”Җв”Җв”Җв”Җв”Җв”Җв”Җв”Җв”Җв”Җв”җ
в”Ӯ OpenNext вҖ” Cloudflare build в”Ӯ
в””в”Җв”Җв”Җв”Җв”Җв”Җв”Җв”Җв”Җв”Җв”Җв”Җв”Җв”Җв”Җв”Җв”Җв”Җв”Җв”Җв”Җв”Җв”Җв”Җв”Җв”Җв”Җв”Җв”Җв”ҳ

WARN OpenNext is not fully compatible with Windows.
WARN For optimal performance, it is recommended to use Windows Subsystem for Linux (WSL).
WARN While OpenNext may function on Windows, it could encounter unpredictable failures during runtime.
App directory: D:\new-website\final-3.9\front\dodoshark
Next.js version : 16.1.6
@opennextjs/cloudflare version: 1.17.1
@opennextjs/aws version: 3.9.16

в”Ңв”Җв”Җв”Җв”Җв”Җв”Җв”Җв”Җв”Җв”Җв”Җв”Җв”Җв”Җв”Җв”Җв”Җв”Җв”Җв”Җв”Җв”Җв”Җв”Җв”Җв”Җв”Җв”Җв”Җв”Җв”Җв”Җв”Җв”җ
в”Ӯ OpenNext вҖ” Building Next.js app в”Ӯ
в””в”Җв”Җв”Җв”Җв”Җв”Җв”Җв”Җв”Җв”Җв”Җв”Җв”Җв”Җв”Җв”Җв”Җв”Җв”Җв”Җв”Җв”Җв”Җв”Җв”Җв”Җв”Җв”Җв”Җв”Җв”Җв”Җв”Җв”ҳ

npm warn Unknown env config "verify-deps-before-run". This will stop working in the next major version of npm.
npm warn Unknown env config "_jsr-registry". This will stop working in the next major version of npm.

> dodoshark@0.1.0 build
> pnpm dlx @opennextjs/cloudflare@1.17.1 build

Proxy environment variables detected. We'll use your proxy for fetch requests.

в”Ңв”Җв”Җв”Җв”Җв”Җв”Җв”Җв”Җв”Җв”Җв”Җв”Җв”Җв”Җв”Җв”Җв”Җв”Җв”Җв”Җв”Җв”Җв”Җв”Җв”Җв”Җв”Җв”Җв”Җв”җ
в”Ӯ OpenNext вҖ” Cloudflare build в”Ӯ
в””в”Җв”Җв”Җв”Җв”Җв”Җв”Җв”Җв”Җв”Җв”Җв”Җв”Җв”Җв”Җв”Җв”Җв”Җв”Җв”Җв”Җв”Җв”Җв”Җв”Җв”Җв”Җв”Җв”Җв”ҳ

WARN OpenNext is not fully compatible with Windows.
WARN For optimal performance, it is recommended to use Windows Subsystem for Linux (WSL).
WARN While OpenNext may function on Windows, it could encounter unpredictable failures during runtime.
App directory: D:\new-website\final-3.9\front\dodoshark
Next.js version : 16.1.6
@opennextjs/cloudflare version: 1.17.1
@opennextjs/aws version: 3.9.16

в”Ңв”Җв”Җв”Җв”Җв”Җв”Җв”Җв”Җв”Җв”Җв”Җв”Җв”Җв”Җв”Җв”Җв”Җв”Җв”Җв”Җв”Җв”Җв”Җв”Җв”Җв”Җв”Җв”Җв”Җв”Җв”Җв”Җв”Җв”җ
в”Ӯ OpenNext вҖ” Building Next.js app в”Ӯ
в””в”Җв”Җв”Җв”Җв”Җв”Җв”Җв”Җв”Җв”Җв”Җв”Җв”Җв”Җв”Җв”Җв”Җв”Җв”Җв”Җв”Җв”Җв”Җв”Җв”Җв”Җв”Җв”Җв”Җв”Җв”Җв”Җв”Җв”ҳ

npm warn Unknown env config "verify-deps-before-run". This will stop working in the next major version of npm.
npm warn Unknown env config "_jsr-registry". This will stop working in the next major version of npm.

> dodoshark@0.1.0 build
> pnpm dlx @opennextjs/cloudflare@1.17.1 build

Proxy environment variables detected. We'll use your proxy for fetch requests.

в”Ңв”Җв”Җв”Җв”Җв”Җв”Җв”Җв”Җв”Җв”Җв”Җв”Җв”Җв”Җв”Җв”Җв”Җв”Җв”Җв”Җв”Җв”Җв”Җв”Җв”Җв”Җв”Җв”Җв”Җв”җ
в”Ӯ OpenNext вҖ” Cloudflare build в”Ӯ
в””в”Җв”Җв”Җв”Җв”Җв”Җв”Җв”Җв”Җв”Җв”Җв”Җв”Җв”Җв”Җв”Җв”Җв”Җв”Җв”Җв”Җв”Җв”Җв”Җв”Җв”Җв”Җв”Җв”Җв”ҳ

WARN OpenNext is not fully compatible with Windows.
WARN For optimal performance, it is recommended to use Windows Subsystem for Linux (WSL).
WARN While OpenNext may function on Windows, it could encounter unpredictable failures during runtime.
App directory: D:\new-website\final-3.9\front\dodoshark
Next.js version : 16.1.6
@opennextjs/cloudflare version: 1.17.1
@opennextjs/aws version: 3.9.16

в”Ңв”Җв”Җв”Җв”Җв”Җв”Җв”Җв”Җв”Җв”Җв”Җв”Җв”Җв”Җв”Җв”Җв”Җв”Җв”Җв”Җв”Җв”Җв”Җв”Җв”Җв”Җв”Җв”Җв”Җв”Җв”Җв”Җв”Җв”җ
в”Ӯ OpenNext вҖ” Building Next.js app в”Ӯ
в””в”Җв”Җв”Җв”Җв”Җв”Җв”Җв”Җв”Җв”Җв”Җв”Җв”Җв”Җв”Җв”Җв”Җв”Җв”Җв”Җв”Җв”Җв”Җв”Җв”Җв”Җв”Җв”Җв”Җв”Җв”Җв”Җв”Җв”ҳ

npm warn Unknown env config "verify-deps-before-run". This will stop working in the next major version of npm.
npm warn Unknown env config "_jsr-registry". This will stop working in the next major version of npm.

> dodoshark@0.1.0 build
> pnpm dlx @opennextjs/cloudflare@1.17.1 build

Proxy environment variables detected. We'll use your proxy for fetch requests.

в”Ңв”Җв”Җв”Җв”Җв”Җв”Җв”Җв”Җв”Җв”Җв”Җв”Җв”Җв”Җв”Җв”Җв”Җв”Җв”Җв”Җв”Җв”Җв”Җв”Җв”Җв”Җв”Җв”Җв”Җв”җ
в”Ӯ OpenNext вҖ” Cloudflare build в”Ӯ
в””в”Җв”Җв”Җв”Җв”Җв”Җв”Җв”Җв”Җв”Җв”Җв”Җв”Җв”Җв”Җв”Җв”Җв”Җв”Җв”Җв”Җв”Җв”Җв”Җв”Җв”Җв”Җв”Җв”Җв”ҳ

WARN OpenNext is not fully compatible with Windows.
WARN For optimal performance, it is recommended to use Windows Subsystem for Linux (WSL).
WARN While OpenNext may function on Windows, it could encounter unpredictable failures during runtime.
App directory: D:\new-website\final-3.9\front\dodoshark
Next.js version : 16.1.6
@opennextjs/cloudflare version: 1.17.1
@opennextjs/aws version: 3.9.16

в”Ңв”Җв”Җв”Җв”Җв”Җв”Җв”Җв”Җв”Җв”Җв”Җв”Җв”Җв”Җв”Җв”Җв”Җв”Җв”Җв”Җв”Җв”Җв”Җв”Җв”Җв”Җв”Җв”Җв”Җв”Җв”Җв”Җв”Җв”җ
в”Ӯ OpenNext вҖ” Building Next.js app в”Ӯ
в””в”Җв”Җв”Җв”Җв”Җв”Җв”Җв”Җв”Җв”Җв”Җв”Җв”Җв”Җв”Җв”Җв”Җв”Җв”Җв”Җв”Җв”Җв”Җв”Җв”Җв”Җв”Җв”Җв”Җв”Җв”Җв”Җв”Җв”ҳ

npm warn Unknown env config "verify-deps-before-run". This will stop working in the next major version of npm.
npm warn Unknown env config "_jsr-registry". This will stop working in the next major version of npm.

> dodoshark@0.1.0 build
> pnpm dlx @opennextjs/cloudflare@1.17.1 build

КдИлРРМ«іӨЎЈ
ГьБоУп·ЁІ»ХэИ·ЎЈ
node:internal/errors:985
  const err = new Error(message);
              ^

Error: Command failed: npm run build
    at genericNodeError (node:internal/errors:985:15)
    at wrappedFn (node:internal/errors:539:14)
    at checkExecSyncError (node:child_process:925:11)
    at Object.execSync (node:child_process:997:15)
    at buildNextjsApp (file:///C:/Users/lin/AppData/Local/pnpm-cache/dlx/97ab1212277fdefeda3e5602272d7c081ab53e37243b9d6972e0eb6abd475eaf/19d1940bfa5-5498/node_modules/.pnpm/@opennextjs+aws@3.9.16_next_4fc669e627442ccd0615dbb383b7e8e5/node_modules/@opennextjs/aws/dist/build/buildNextApp.js:15:8)
    at build (file:///C:/Users/lin/AppData/Local/pnpm-cache/dlx/97ab1212277fdefeda3e5602272d7c081ab53e37243b9d6972e0eb6abd475eaf/19d1940bfa5-5498/node_modules/.pnpm/@opennextjs+cloudflare@1.17_28b4acbc031143399de1ba890a817846/node_modules/@opennextjs/cloudflare/dist/cli/build/build.js:50:9)
    at async buildCommand (file:///C:/Users/lin/AppData/Local/pnpm-cache/dlx/97ab1212277fdefeda3e5602272d7c081ab53e37243b9d6972e0eb6abd475eaf/19d1940bfa5-5498/node_modules/.pnpm/@opennextjs+cloudflare@1.17_28b4acbc031143399de1ba890a817846/node_modules/@opennextjs/cloudflare/dist/cli/commands/build.js:33:5) {
  status: 255,
  signal: null,
  output: [ null, null, null ],
  pid: 25796,
  stdout: null,
  stderr: null
}

Node.js v24.13.0
node:internal/errors:985
  const err = new Error(message);
              ^

Error: Command failed: npm run build
    at genericNodeError (node:internal/errors:985:15)
    at wrappedFn (node:internal/errors:539:14)
    at checkExecSyncError (node:child_process:925:11)
    at Object.execSync (node:child_process:997:15)
    at buildNextjsApp (file:///C:/Users/lin/AppData/Local/pnpm-cache/dlx/97ab1212277fdefeda3e5602272d7c081ab53e37243b9d6972e0eb6abd475eaf/19d1940bfa5-5498/node_modules/.pnpm/@opennextjs+aws@3.9.16_next_4fc669e627442ccd0615dbb383b7e8e5/node_modules/@opennextjs/aws/dist/build/buildNextApp.js:15:8)
    at build (file:///C:/Users/lin/AppData/Local/pnpm-cache/dlx/97ab1212277fdefeda3e5602272d7c081ab53e37243b9d6972e0eb6abd475eaf/19d1940bfa5-5498/node_modules/.pnpm/@opennextjs+cloudflare@1.17_28b4acbc031143399de1ba890a817846/node_modules/@opennextjs/cloudflare/dist/cli/build/build.js:50:9)
    at async buildCommand (file:///C:/Users/lin/AppData/Local/pnpm-cache/dlx/97ab1212277fdefeda3e5602272d7c081ab53e37243b9d6972e0eb6abd475eaf/19d1940bfa5-5498/node_modules/.pnpm/@opennextjs+cloudflare@1.17_28b4acbc031143399de1ba890a817846/node_modules/@opennextjs/cloudflare/dist/cli/commands/build.js:33:5) {
  status: 1,
  signal: null,
  output: [ null, null, null ],
  pid: 8772,
  stdout: null,
  stderr: null
}

Node.js v24.13.0
node:internal/errors:985
  const err = new Error(message);
              ^

Error: Command failed: npm run build
    at genericNodeError (node:internal/errors:985:15)
    at wrappedFn (node:internal/errors:539:14)
    at checkExecSyncError (node:child_process:925:11)
    at Object.execSync (node:child_process:997:15)
    at buildNextjsApp (file:///C:/Users/lin/AppData/Local/pnpm-cache/dlx/97ab1212277fdefeda3e5602272d7c081ab53e37243b9d6972e0eb6abd475eaf/19d1940bfa5-5498/node_modules/.pnpm/@opennextjs+aws@3.9.16_next_4fc669e627442ccd0615dbb383b7e8e5/node_modules/@opennextjs/aws/dist/build/buildNextApp.js:15:8)
    at build (file:///C:/Users/lin/AppData/Local/pnpm-cache/dlx/97ab1212277fdefeda3e5602272d7c081ab53e37243b9d6972e0eb6abd475eaf/19d1940bfa5-5498/node_modules/.pnpm/@opennextjs+cloudflare@1.17_28b4acbc031143399de1ba890a817846/node_modules/@opennextjs/cloudflare/dist/cli/build/build.js:50:9)
    at async buildCommand (file:///C:/Users/lin/AppData/Local/pnpm-cache/dlx/97ab1212277fdefeda3e5602272d7c081ab53e37243b9d6972e0eb6abd475eaf/19d1940bfa5-5498/node_modules/.pnpm/@opennextjs+cloudflare@1.17_28b4acbc031143399de1ba890a817846/node_modules/@opennextjs/cloudflare/dist/cli/commands/build.js:33:5) {
  status: 1,
  signal: null,
  output: [ null, null, null ],
  pid: 6936,
  stdout: null,
  stderr: null
}

Node.js v24.13.0
node:internal/errors:985
  const err = new Error(message);
              ^

Error: Command failed: npm run build
    at genericNodeError (node:internal/errors:985:15)
    at wrappedFn (node:internal/errors:539:14)
    at checkExecSyncError (node:child_process:925:11)
    at Object.execSync (node:child_process:997:15)
    at buildNextjsApp (file:///C:/Users/lin/AppData/Local/pnpm-cache/dlx/97ab1212277fdefeda3e5602272d7c081ab53e37243b9d6972e0eb6abd475eaf/19d1940bfa5-5498/node_modules/.pnpm/@opennextjs+aws@3.9.16_next_4fc669e627442ccd0615dbb383b7e8e5/node_modules/@opennextjs/aws/dist/build/buildNextApp.js:15:8)
    at build (file:///C:/Users/lin/AppData/Local/pnpm-cache/dlx/97ab1212277fdefeda3e5602272d7c081ab53e37243b9d6972e0eb6abd475eaf/19d1940bfa5-5498/node_modules/.pnpm/@opennextjs+cloudflare@1.17_28b4acbc031143399de1ba890a817846/node_modules/@opennextjs/cloudflare/dist/cli/build/build.js:50:9)
    at async buildCommand (file:///C:/Users/lin/AppData/Local/pnpm-cache/dlx/97ab1212277fdefeda3e5602272d7c081ab53e37243b9d6972e0eb6abd475eaf/19d1940bfa5-5498/node_modules/.pnpm/@opennextjs+cloudflare@1.17_28b4acbc031143399de1ba890a817846/node_modules/@opennextjs/cloudflare/dist/cli/commands/build.js:33:5) {
  status: 1,
  signal: null,
  output: [ null, null, null ],
  pid: 26364,
  stdout: null,
  stderr: null
}

Node.js v24.13.0
node:internal/errors:985
  const err = new Error(message);
              ^

Error: Command failed: npm run build
    at genericNodeError (node:internal/errors:985:15)
    at wrappedFn (node:internal/errors:539:14)
    at checkExecSyncError (node:child_process:925:11)
    at Object.execSync (node:child_process:997:15)
    at buildNextjsApp (file:///C:/Users/lin/AppData/Local/pnpm-cache/dlx/97ab1212277fdefeda3e5602272d7c081ab53e37243b9d6972e0eb6abd475eaf/19d1940bfa5-5498/node_modules/.pnpm/@opennextjs+aws@3.9.16_next_4fc669e627442ccd0615dbb383b7e8e5/node_modules/@opennextjs/aws/dist/build/buildNextApp.js:15:8)
    at build (file:///C:/Users/lin/AppData/Local/pnpm-cache/dlx/97ab1212277fdefeda3e5602272d7c081ab53e37243b9d6972e0eb6abd475eaf/19d1940bfa5-5498/node_modules/.pnpm/@opennextjs+cloudflare@1.17_28b4acbc031143399de1ba890a817846/node_modules/@opennextjs/cloudflare/dist/cli/build/build.js:50:9)
    at async buildCommand (file:///C:/Users/lin/AppData/Local/pnpm-cache/dlx/97ab1212277fdefeda3e5602272d7c081ab53e37243b9d6972e0eb6abd475eaf/19d1940bfa5-5498/node_modules/.pnpm/@opennextjs+cloudflare@1.17_28b4acbc031143399de1ba890a817846/node_modules/@opennextjs/cloudflare/dist/cli/commands/build.js:33:5) {
  status: 1,
  signal: null,
  output: [ null, null, null ],
  pid: 10384,
  stdout: null,
  stderr: null
}

Node.js v24.13.0
вҖүELIFECYCLEвҖү Command failed with exit code 1.
